<?xml version="1.0" encoding="UTF-8"?>
<!-- Generated by org.testng.reporters.JUnitXMLReporter -->
<testsuite hostname="DESKTOP-90DQV3J" ignored="0" name="Complete Place Order Flow" tests="3" failures="0" timestamp="2023-07-17T19:07:09 IST" time="65.582" errors="0">
  <testcase name="orderPlaceComplete" time="14.408" classname="rahualshetty.tests.PlaceOrderFlow"/>
  <testcase name="orderPlaceComplete" time="14.508" classname="rahualshetty.tests.PlaceOrderFlow"/>
  <testcase name="orderHistory" time="2.059" classname="rahualshetty.tests.PlaceOrderFlow"/>
</testsuite> <!-- Complete Place Order Flow -->
