<?xml version="1.0" encoding="UTF-8"?>
<!-- Generated by org.testng.reporters.JUnitXMLReporter -->
<testsuite hostname="DESKTOP-90DQV3J" ignored="0" name="Login Error validation Flow" tests="1" failures="1" timestamp="2023-07-17T19:07:16 IST" time="7.368" errors="0">
  <testcase name="loginErrorValidation" time="0.974" classname="rahualshetty.tests.ErrorValidation">
    <failure type="java.lang.AssertionError" message="expected [Incorrect email or password.] but found [Incorrect email orpassword.]">
      <![CDATA[java.lang.AssertionError: expected [Incorrect email or password.] but found [Incorrect email orpassword.]
at rahualshetty.tests.ErrorValidation.loginErrorValidation(ErrorValidation.java:21)
at java.util.ArrayList.forEach(ArrayList.java:1259)
... Removed 36 stack frames]]>
    </failure>
  </testcase> <!-- loginErrorValidation -->
</testsuite> <!-- Login Error validation Flow -->
