<?xml version="1.0" encoding="UTF-8"?>
<!-- Generated by org.testng.reporters.JUnitXMLReporter -->
<testsuite ignored="0" hostname="DESKTOP-90DQV3J" failures="0" tests="3" name="Complete Place Order Flow" time="154.008" errors="0" timestamp="2023-07-17T12:53:31 IST">
  <testcase classname="rahualshetty.tests.PlaceOrderFlow" name="orderPlaceComplete" time="22.717"/>
  <testcase classname="rahualshetty.tests.PlaceOrderFlow" name="orderPlaceComplete" time="17.404"/>
  <testcase classname="rahualshetty.tests.PlaceOrderFlow" name="orderHistory" time="4.405"/>
</testsuite> <!-- Complete Place Order Flow -->
