<?xml version="1.0" encoding="UTF-8"?>
<!-- Generated by org.testng.reporters.JUnitXMLReporter -->
<testsuite ignored="0" hostname="DESKTOP-90DQV3J" failures="1" tests="2" name="Login Error validation Flow" time="20.528" errors="0" timestamp="2023-07-17T12:53:52 IST">
  <testcase classname="rahualshetty.tests.ErrorValidation" name="loginErrorValidation" time="0.94">
    <skipped/>
  </testcase> <!-- loginErrorValidation -->
  <testcase classname="rahualshetty.tests.ErrorValidation" name="loginErrorValidation" time="1.187">
    <failure type="java.lang.AssertionError" message="expected [Incorrect email or password.] but found [Incorrect email orpassword.]">
      <![CDATA[java.lang.AssertionError: expected [Incorrect email or password.] but found [Incorrect email orpassword.]
at rahualshetty.tests.ErrorValidation.loginErrorValidation(ErrorValidation.java:22)
at java.base/java.util.ArrayList.forEach(ArrayList.java:1511)
... Removed 32 stack frames]]>
    </failure>
  </testcase> <!-- loginErrorValidation -->
</testsuite> <!-- Login Error validation Flow -->
